18:00:49,993 INFO  RunnableExample:14 - Runnable example Thread-1was started..
18:00:49,993 INFO  ThreadExample:14 - Thread example Thread-0was started..
18:00:50,025 INFO  ThreadExample:17 - Thread-0: 1
18:00:50,025 INFO  ThreadExample:17 - Thread-0: 2
18:00:50,025 INFO  ThreadExample:17 - Thread-0: 3
18:00:50,025 INFO  ThreadExample:17 - Thread-0: 4
18:00:50,025 INFO  RunnableExample:18 - Thread-1 (): 1
18:00:50,025 INFO  ThreadExample:17 - Thread-0: 5
18:00:50,027 INFO  RunnableExample:18 - Thread-1 (): 6
18:00:50,027 INFO  ThreadExample:17 - Thread-0: 7
18:00:50,027 INFO  RunnableExample:18 - Thread-1 (): 8
18:00:50,027 INFO  ThreadExample:17 - Thread-0: 9
18:00:50,028 INFO  ThreadExample:17 - Thread-0: 11
18:00:50,027 INFO  RunnableExample:18 - Thread-1 (): 10
18:00:50,028 INFO  ThreadExample:17 - Thread-0: 12
18:00:50,028 INFO  RunnableExample:18 - Thread-1 (): 13
18:00:50,029 INFO  RunnableExample:18 - Thread-1 (): 15
18:00:50,029 INFO  RunnableExample:18 - Thread-1 (): 16
18:00:50,029 INFO  RunnableExample:18 - Thread-1 (): 17
18:00:50,030 INFO  RunnableExample:18 - Thread-1 (): 18
18:00:50,030 INFO  RunnableExample:18 - Thread-1 (): 19
18:00:50,028 INFO  ThreadExample:17 - Thread-0: 14
18:00:50,030 INFO  ThreadExample:17 - Thread-0: 21
18:00:50,030 INFO  ThreadExample:17 - Thread-0: 22
18:00:50,030 INFO  ThreadExample:17 - Thread-0: 23
18:00:50,030 INFO  ThreadExample:17 - Thread-0: 24
18:00:50,031 INFO  ThreadExample:17 - Thread-0: 25
18:00:50,031 INFO  ThreadExample:17 - Thread-0: 26
18:00:50,030 INFO  RunnableExample:18 - Thread-1 (): 20
18:00:50,032 INFO  RunnableExample:18 - Thread-1 (): 28
18:00:50,032 INFO  RunnableExample:18 - Thread-1 (): 29
18:00:50,032 INFO  RunnableExample:18 - Thread-1 (): 30
18:00:50,032 INFO  RunnableExample:18 - Thread-1 (): 31
18:00:50,032 INFO  RunnableExample:18 - Thread-1 (): 32
18:00:50,032 INFO  RunnableExample:18 - Thread-1 (): 33
18:00:50,033 INFO  RunnableExample:18 - Thread-1 (): 34
18:00:50,032 INFO  ThreadExample:17 - Thread-0: 27
18:00:50,033 INFO  ThreadExample:17 - Thread-0: 36
18:00:50,033 INFO  ThreadExample:17 - Thread-0: 37
18:00:50,033 INFO  ThreadExample:17 - Thread-0: 38
18:00:50,033 INFO  ThreadExample:17 - Thread-0: 39
18:00:50,033 INFO  ThreadExample:17 - Thread-0: 40
18:00:50,033 INFO  ThreadExample:17 - Thread-0: 41
18:00:50,033 INFO  ThreadExample:17 - Thread-0: 42
18:00:50,033 INFO  ThreadExample:17 - Thread-0: 43
18:00:50,033 INFO  ThreadExample:17 - Thread-0: 44
18:00:50,033 INFO  ThreadExample:17 - Thread-0: 45
18:00:50,034 INFO  ThreadExample:17 - Thread-0: 46
18:00:50,034 INFO  ThreadExample:17 - Thread-0: 47
18:00:50,034 INFO  ThreadExample:17 - Thread-0: 48
18:00:50,034 INFO  ThreadExample:17 - Thread-0: 49
18:00:50,034 INFO  ThreadExample:17 - Thread-0: 50
18:00:50,034 INFO  ThreadExample:17 - Thread-0: 51
18:00:50,033 INFO  RunnableExample:18 - Thread-1 (): 35
18:00:50,035 INFO  RunnableExample:18 - Thread-1 (): 53
18:00:50,035 INFO  RunnableExample:18 - Thread-1 (): 54
18:00:50,035 INFO  RunnableExample:18 - Thread-1 (): 55
18:00:50,035 INFO  RunnableExample:18 - Thread-1 (): 56
18:00:50,035 INFO  RunnableExample:18 - Thread-1 (): 57
18:00:50,035 INFO  RunnableExample:18 - Thread-1 (): 58
18:00:50,036 INFO  RunnableExample:18 - Thread-1 (): 59
18:00:50,036 INFO  RunnableExample:18 - Thread-1 (): 60
18:00:50,034 INFO  ThreadExample:17 - Thread-0: 52
18:00:50,036 INFO  RunnableExample:18 - Thread-1 (): 61
18:00:50,036 INFO  ThreadExample:17 - Thread-0: 62
18:00:50,037 INFO  ThreadExample:17 - Thread-0: 64
18:00:50,036 INFO  RunnableExample:18 - Thread-1 (): 63
18:00:50,037 INFO  RunnableExample:18 - Thread-1 (): 66
18:00:50,037 INFO  RunnableExample:18 - Thread-1 (): 67
18:00:50,037 INFO  RunnableExample:18 - Thread-1 (): 68
18:00:50,037 INFO  RunnableExample:18 - Thread-1 (): 69
18:00:50,037 INFO  RunnableExample:18 - Thread-1 (): 70
18:00:50,037 INFO  RunnableExample:18 - Thread-1 (): 71
18:00:50,037 INFO  ThreadExample:17 - Thread-0: 65
18:00:50,037 INFO  RunnableExample:18 - Thread-1 (): 72
18:00:50,037 INFO  ThreadExample:17 - Thread-0: 73
18:00:50,037 INFO  RunnableExample:18 - Thread-1 (): 74
18:00:50,037 INFO  ThreadExample:17 - Thread-0: 75
18:00:50,038 INFO  RunnableExample:18 - Thread-1 (): 76
18:00:50,038 INFO  ThreadExample:17 - Thread-0: 77
18:00:50,038 INFO  RunnableExample:18 - Thread-1 (): 78
18:00:50,038 INFO  ThreadExample:17 - Thread-0: 79
18:00:50,038 INFO  RunnableExample:18 - Thread-1 (): 80
18:00:50,038 INFO  ThreadExample:17 - Thread-0: 81
18:00:50,038 INFO  RunnableExample:18 - Thread-1 (): 82
18:00:50,038 INFO  ThreadExample:17 - Thread-0: 83
18:00:50,038 INFO  RunnableExample:18 - Thread-1 (): 84
18:00:50,038 INFO  ThreadExample:17 - Thread-0: 85
18:00:50,038 INFO  ThreadExample:17 - Thread-0: 87
18:00:50,038 INFO  RunnableExample:18 - Thread-1 (): 86
18:00:50,039 INFO  RunnableExample:18 - Thread-1 (): 89
18:00:50,039 INFO  RunnableExample:18 - Thread-1 (): 90
18:00:50,038 INFO  ThreadExample:17 - Thread-0: 88
18:00:50,039 INFO  RunnableExample:18 - Thread-1 (): 91
18:00:50,039 INFO  ThreadExample:17 - Thread-0: 92
18:00:50,039 INFO  ThreadExample:17 - Thread-0: 94
18:00:50,039 INFO  ThreadExample:17 - Thread-0: 95
18:00:50,039 INFO  ThreadExample:17 - Thread-0: 96
18:00:50,039 INFO  RunnableExample:18 - Thread-1 (): 93
18:00:50,039 INFO  ThreadExample:17 - Thread-0: 97
18:00:50,039 INFO  RunnableExample:18 - Thread-1 (): 98
18:00:50,039 INFO  ThreadExample:17 - Thread-0: 99
18:00:50,039 INFO  RunnableExample:18 - Thread-1 (): 100
18:00:50,040 INFO  ThreadExample:20 - Thread example Thread-0was finished
18:00:50,040 INFO  RunnableExample:21 - Runnable example Thread-1was finished
18:01:59,305 INFO  ThreadExample:14 - Thread example Thread-0was started..
18:01:59,305 INFO  RunnableExample:14 - Runnable example Thread-1was started..
18:01:59,328 INFO  RunnableExample:18 - Thread-1 (): 1
18:01:59,328 INFO  RunnableExample:18 - Thread-1 (): 2
18:01:59,328 INFO  RunnableExample:18 - Thread-1 (): 3
18:01:59,328 INFO  RunnableExample:18 - Thread-1 (): 4
18:01:59,328 INFO  ThreadExample:17 - Thread-0: 1
18:01:59,330 INFO  RunnableExample:18 - Thread-1 (): 5
18:01:59,330 INFO  ThreadExample:17 - Thread-0: 6
18:01:59,330 INFO  RunnableExample:18 - Thread-1 (): 7
18:01:59,330 INFO  ThreadExample:17 - Thread-0: 8
18:01:59,330 INFO  RunnableExample:18 - Thread-1 (): 9
18:01:59,330 INFO  ThreadExample:17 - Thread-0: 10
18:01:59,330 INFO  RunnableExample:18 - Thread-1 (): 11
18:01:59,330 INFO  ThreadExample:17 - Thread-0: 12
18:01:59,330 INFO  RunnableExample:18 - Thread-1 (): 13
18:01:59,332 INFO  RunnableExample:18 - Thread-1 (): 15
18:01:59,332 INFO  RunnableExample:18 - Thread-1 (): 16
18:01:59,330 INFO  ThreadExample:17 - Thread-0: 14
18:01:59,332 INFO  ThreadExample:17 - Thread-0: 18
18:01:59,332 INFO  RunnableExample:18 - Thread-1 (): 17
18:01:59,332 INFO  RunnableExample:18 - Thread-1 (): 20
18:01:59,332 INFO  ThreadExample:17 - Thread-0: 19
18:01:59,333 INFO  ThreadExample:17 - Thread-0: 22
18:01:59,333 INFO  ThreadExample:17 - Thread-0: 23
18:01:59,332 INFO  RunnableExample:18 - Thread-1 (): 21
18:01:59,333 INFO  RunnableExample:18 - Thread-1 (): 25
18:01:59,333 INFO  RunnableExample:18 - Thread-1 (): 26
18:01:59,333 INFO  ThreadExample:17 - Thread-0: 24
18:01:59,333 INFO  ThreadExample:17 - Thread-0: 28
18:01:59,333 INFO  RunnableExample:18 - Thread-1 (): 27
18:01:59,334 INFO  RunnableExample:18 - Thread-1 (): 30
18:01:59,334 INFO  RunnableExample:18 - Thread-1 (): 31
18:01:59,333 INFO  ThreadExample:17 - Thread-0: 29
18:01:59,334 INFO  ThreadExample:17 - Thread-0: 33
18:01:59,334 INFO  ThreadExample:17 - Thread-0: 34
18:01:59,334 INFO  ThreadExample:17 - Thread-0: 35
18:01:59,335 INFO  ThreadExample:17 - Thread-0: 36
18:01:59,335 INFO  ThreadExample:17 - Thread-0: 37
18:01:59,335 INFO  ThreadExample:17 - Thread-0: 38
18:01:59,334 INFO  RunnableExample:18 - Thread-1 (): 32
18:01:59,335 INFO  RunnableExample:18 - Thread-1 (): 40
18:01:59,335 INFO  RunnableExample:18 - Thread-1 (): 41
18:01:59,335 INFO  RunnableExample:18 - Thread-1 (): 42
18:01:59,335 INFO  ThreadExample:17 - Thread-0: 39
18:01:59,336 INFO  ThreadExample:17 - Thread-0: 44
18:01:59,336 INFO  ThreadExample:17 - Thread-0: 45
18:01:59,336 INFO  ThreadExample:17 - Thread-0: 46
18:01:59,336 INFO  RunnableExample:18 - Thread-1 (): 43
18:01:59,336 INFO  ThreadExample:17 - Thread-0: 47
18:01:59,336 INFO  ThreadExample:17 - Thread-0: 49
18:01:59,336 INFO  ThreadExample:17 - Thread-0: 50
18:01:59,336 INFO  RunnableExample:18 - Thread-1 (): 48
18:01:59,336 INFO  RunnableExample:18 - Thread-1 (): 52
18:01:59,337 INFO  RunnableExample:18 - Thread-1 (): 53
18:01:59,337 INFO  RunnableExample:18 - Thread-1 (): 54
18:01:59,337 INFO  RunnableExample:18 - Thread-1 (): 55
18:01:59,337 INFO  RunnableExample:18 - Thread-1 (): 56
18:01:59,337 INFO  RunnableExample:18 - Thread-1 (): 57
18:01:59,337 INFO  RunnableExample:18 - Thread-1 (): 58
18:01:59,337 INFO  RunnableExample:18 - Thread-1 (): 59
18:01:59,337 INFO  RunnableExample:18 - Thread-1 (): 60
18:01:59,337 INFO  RunnableExample:18 - Thread-1 (): 61
18:01:59,337 INFO  RunnableExample:18 - Thread-1 (): 62
18:01:59,338 INFO  RunnableExample:18 - Thread-1 (): 63
18:01:59,338 INFO  RunnableExample:18 - Thread-1 (): 64
18:01:59,338 INFO  RunnableExample:18 - Thread-1 (): 65
18:01:59,338 INFO  RunnableExample:18 - Thread-1 (): 66
18:01:59,338 INFO  RunnableExample:18 - Thread-1 (): 67
18:01:59,339 INFO  RunnableExample:18 - Thread-1 (): 68
18:01:59,339 INFO  RunnableExample:18 - Thread-1 (): 69
18:01:59,339 INFO  RunnableExample:18 - Thread-1 (): 70
18:01:59,340 INFO  RunnableExample:18 - Thread-1 (): 71
18:01:59,340 INFO  RunnableExample:18 - Thread-1 (): 72
18:01:59,340 INFO  RunnableExample:18 - Thread-1 (): 73
18:01:59,340 INFO  RunnableExample:18 - Thread-1 (): 74
18:01:59,340 INFO  RunnableExample:18 - Thread-1 (): 75
18:01:59,340 INFO  RunnableExample:18 - Thread-1 (): 76
18:01:59,340 INFO  RunnableExample:18 - Thread-1 (): 77
18:01:59,340 INFO  RunnableExample:18 - Thread-1 (): 78
18:01:59,340 INFO  RunnableExample:18 - Thread-1 (): 79
18:01:59,340 INFO  RunnableExample:18 - Thread-1 (): 80
18:01:59,341 INFO  RunnableExample:18 - Thread-1 (): 81
18:01:59,341 INFO  RunnableExample:18 - Thread-1 (): 82
18:01:59,341 INFO  RunnableExample:18 - Thread-1 (): 83
18:01:59,341 INFO  RunnableExample:18 - Thread-1 (): 84
18:01:59,341 INFO  RunnableExample:18 - Thread-1 (): 85
18:01:59,341 INFO  RunnableExample:18 - Thread-1 (): 86
18:01:59,341 INFO  RunnableExample:18 - Thread-1 (): 87
18:01:59,342 INFO  RunnableExample:18 - Thread-1 (): 88
18:01:59,342 INFO  RunnableExample:18 - Thread-1 (): 89
18:01:59,342 INFO  RunnableExample:18 - Thread-1 (): 90
18:01:59,342 INFO  RunnableExample:18 - Thread-1 (): 91
18:01:59,342 INFO  RunnableExample:18 - Thread-1 (): 92
18:01:59,342 INFO  RunnableExample:18 - Thread-1 (): 93
18:01:59,342 INFO  RunnableExample:18 - Thread-1 (): 94
18:01:59,342 INFO  RunnableExample:18 - Thread-1 (): 95
18:01:59,343 INFO  RunnableExample:18 - Thread-1 (): 96
18:01:59,343 INFO  RunnableExample:18 - Thread-1 (): 97
18:01:59,343 INFO  RunnableExample:18 - Thread-1 (): 98
18:01:59,343 INFO  RunnableExample:18 - Thread-1 (): 99
18:01:59,343 INFO  RunnableExample:18 - Thread-1 (): 100
18:01:59,344 INFO  RunnableExample:21 - Runnable example Thread-1was finished
18:01:59,336 INFO  ThreadExample:17 - Thread-0: 51
18:01:59,345 INFO  ThreadExample:20 - Thread example Thread-0was finished
